生成启动时间为 2015/11/21 13:53:05。
     1>项目“D:\Research\Working\GitHub\C++\AccountSys\AccountSystem\AccountSystem\AccountSystem.vcxproj”在节点 2 上(Build 个目标)。
     1>ClCompile:
         D:\Program Files (x86)\Microsoft Visual Studio 14.0\VC\bin\x86_amd64\CL.exe /c /ZI /nologo /W3 /WX- /sdl /Od /D _DEBUG /D _CONSOLE /D _UNICODE /D UNICODE /Gm /EHsc /RTC1 /MDd /GS /fp:precise /Zc:wchar_t /Zc:forScope /Zc:inline /Fo"x64\Debug\\" /Fd"x64\Debug\vc140.pdb" /Gd /TP /errorReport:prompt Account.cpp CreditCardAcct.cpp DemandAcct.cpp
         Account.cpp
     1>d:\research\working\github\c++\accountsys\accountsystem\accountsystem\dateclass.h(8): warning C4290: 忽略 C++ 异常规范，但指示函数不是 __declspec(nothrow)
     1>d:\research\working\github\c++\accountsys\accountsystem\accountsystem\dateclass.h(11): warning C4290: 忽略 C++ 异常规范，但指示函数不是 __declspec(nothrow)
     1>d:\research\working\github\c++\accountsys\accountsystem\accountsystem\account.h(25): warning C4290: 忽略 C++ 异常规范，但指示函数不是 __declspec(nothrow)
     1>d:\research\working\github\c++\accountsys\accountsystem\accountsystem\account.cpp(49): warning C4290: 忽略 C++ 异常规范，但指示函数不是 __declspec(nothrow)
         正在生成代码...
         正在跳过...(未检测到相关更改)
         DemandAcct.cpp
         CreditCardAcct.cpp
         D:\Program Files (x86)\Microsoft Visual Studio 14.0\VC\bin\x86_amd64\CL.exe /c /ZI /nologo /W3 /WX- /sdl /Od /D _DEBUG /D _CONSOLE /D _UNICODE /D UNICODE /Gm /EHsc /RTC1 /MDd /GS /fp:precise /Zc:wchar_t /Zc:forScope /Zc:inline /Fo"x64\Debug\\" /Fd"x64\Debug\vc140.pdb" /Gd /TP /errorReport:prompt mainTest.cpp
         正在跳过...(未检测到相关更改)
         mainTest.cpp
       Link:
         D:\Program Files (x86)\Microsoft Visual Studio 14.0\VC\bin\x86_amd64\link.exe /ERRORREPORT:PROMPT /OUT:"D:\Research\Working\GitHub\C++\AccountSys\AccountSystem\x64\Debug\AccountSystem.exe" /INCREMENTAL /NOLOGO kernel32.lib user32.lib gdi32.lib winspool.lib comdlg32.lib advapi32.lib shell32.lib ole32.lib oleaut32.lib uuid.lib odbc32.lib odbccp32.lib /MANIFEST /MANIFESTUAC:"level='asInvoker' uiAccess='false'" /manifest:embed /Debug /PDB:"D:\Research\Working\GitHub\C++\AccountSys\AccountSystem\x64\Debug\AccountSystem.pdb" /SUBSYSTEM:CONSOLE /TLBID:1 /DYNAMICBASE /NXCOMPAT /IMPLIB:"D:\Research\Working\GitHub\C++\AccountSys\AccountSystem\x64\Debug\AccountSystem.lib" /MACHINE:X64 x64\Debug\Account.obj
         x64\Debug\CreditCardAcct.obj
         x64\Debug\DateClass.obj
         x64\Debug\DemandAcct.obj
         x64\Debug\RcdItem.obj
         x64\Debug\mainTest.obj
         AccountSystem.vcxproj -> D:\Research\Working\GitHub\C++\AccountSys\AccountSystem\x64\Debug\AccountSystem.exe
     1>已完成生成项目“D:\Research\Working\GitHub\C++\AccountSys\AccountSystem\AccountSystem\AccountSystem.vcxproj”(Build 个目标)的操作。

已成功生成。

已用时间 00:00:02.74
