生成启动时间为 2015/11/21 11:03:01。
     1>项目“D:\Research\Working\C C++\Visual Studio\AccountSystem\AccountSystem\AccountSystem.vcxproj”在节点 2 上(Build 个目标)。
     1>ClCompile:
         D:\Program Files (x86)\Microsoft Visual Studio 14.0\VC\bin\CL.exe /c /ZI /nologo /W3 /WX- /sdl /Od /Oy- /D WIN32 /D _DEBUG /D _CONSOLE /D _UNICODE /D UNICODE /Gm /EHsc /RTC1 /MDd /GS /fp:precise /Zc:wchar_t /Zc:forScope /Zc:inline /Fo"Debug\\" /Fd"Debug\vc140.pdb" /Gd /TP /analyze- /errorReport:prompt Account.cpp AccountList.cpp CreditCardAcct.cpp DemandAcct.cpp mainTest.cpp
         Account.cpp
     1>d:\research\working\c c++\visual studio\accountsystem\accountsystem\dateclass.h(8): warning C4290: 忽略 C++ 异常规范，但指示函数不是 __declspec(nothrow)
     1>d:\research\working\c c++\visual studio\accountsystem\accountsystem\dateclass.h(11): warning C4290: 忽略 C++ 异常规范，但指示函数不是 __declspec(nothrow)
         正在生成代码...
         正在编译...
         mainTest.cpp
     1>d:\research\working\c c++\visual studio\accountsystem\accountsystem\dateclass.h(8): warning C4290: 忽略 C++ 异常规范，但指示函数不是 __declspec(nothrow)
     1>d:\research\working\c c++\visual studio\accountsystem\accountsystem\dateclass.h(11): warning C4290: 忽略 C++ 异常规范，但指示函数不是 __declspec(nothrow)
     1>d:\research\working\c c++\visual studio\accountsystem\accountsystem\demandacct.h(13): warning C4290: 忽略 C++ 异常规范，但指示函数不是 __declspec(nothrow)
     1>d:\research\working\c c++\visual studio\accountsystem\accountsystem\demandacct.h(17): warning C4290: 忽略 C++ 异常规范，但指示函数不是 __declspec(nothrow)
     1>d:\research\working\c c++\visual studio\accountsystem\accountsystem\demandacct.h(18): warning C4290: 忽略 C++ 异常规范，但指示函数不是 __declspec(nothrow)
     1>d:\research\working\c c++\visual studio\accountsystem\accountsystem\demandacct.h(20): warning C4290: 忽略 C++ 异常规范，但指示函数不是 __declspec(nothrow)
     1>d:\research\working\c c++\visual studio\accountsystem\accountsystem\demandacct.h(22): warning C4290: 忽略 C++ 异常规范，但指示函数不是 __declspec(nothrow)
     1>d:\research\working\c c++\visual studio\accountsystem\accountsystem\creditcardacct.h(13): warning C4290: 忽略 C++ 异常规范，但指示函数不是 __declspec(nothrow)
     1>d:\research\working\c c++\visual studio\accountsystem\accountsystem\creditcardacct.h(17): warning C4290: 忽略 C++ 异常规范，但指示函数不是 __declspec(nothrow)
     1>d:\research\working\c c++\visual studio\accountsystem\accountsystem\creditcardacct.h(18): warning C4290: 忽略 C++ 异常规范，但指示函数不是 __declspec(nothrow)
     1>d:\research\working\c c++\visual studio\accountsystem\accountsystem\creditcardacct.h(20): warning C4290: 忽略 C++ 异常规范，但指示函数不是 __declspec(nothrow)
     1>d:\research\working\c c++\visual studio\accountsystem\accountsystem\creditcardacct.h(22): warning C4290: 忽略 C++ 异常规范，但指示函数不是 __declspec(nothrow)
     1>d:\research\working\c c++\visual studio\accountsystem\accountsystem\maintest.cpp(38): warning C4101: “i”: 未引用的局部变量
         DemandAcct.cpp
     1>d:\research\working\c c++\visual studio\accountsystem\accountsystem\dateclass.h(8): warning C4290: 忽略 C++ 异常规范，但指示函数不是 __declspec(nothrow)
     1>d:\research\working\c c++\visual studio\accountsystem\accountsystem\dateclass.h(11): warning C4290: 忽略 C++ 异常规范，但指示函数不是 __declspec(nothrow)
     1>d:\research\working\c c++\visual studio\accountsystem\accountsystem\demandacct.h(13): warning C4290: 忽略 C++ 异常规范，但指示函数不是 __declspec(nothrow)
     1>d:\research\working\c c++\visual studio\accountsystem\accountsystem\demandacct.h(17): warning C4290: 忽略 C++ 异常规范，但指示函数不是 __declspec(nothrow)
     1>d:\research\working\c c++\visual studio\accountsystem\accountsystem\demandacct.h(18): warning C4290: 忽略 C++ 异常规范，但指示函数不是 __declspec(nothrow)
     1>d:\research\working\c c++\visual studio\accountsystem\accountsystem\demandacct.h(20): warning C4290: 忽略 C++ 异常规范，但指示函数不是 __declspec(nothrow)
     1>d:\research\working\c c++\visual studio\accountsystem\accountsystem\demandacct.h(22): warning C4290: 忽略 C++ 异常规范，但指示函数不是 __declspec(nothrow)
     1>d:\research\working\c c++\visual studio\accountsystem\accountsystem\demandacct.cpp(15): warning C4290: 忽略 C++ 异常规范，但指示函数不是 __declspec(nothrow)
     1>d:\research\working\c c++\visual studio\accountsystem\accountsystem\demandacct.cpp(46): warning C4290: 忽略 C++ 异常规范，但指示函数不是 __declspec(nothrow)
     1>d:\research\working\c c++\visual studio\accountsystem\accountsystem\demandacct.cpp(57): warning C4290: 忽略 C++ 异常规范，但指示函数不是 __declspec(nothrow)
     1>d:\research\working\c c++\visual studio\accountsystem\accountsystem\demandacct.cpp(93): warning C4290: 忽略 C++ 异常规范，但指示函数不是 __declspec(nothrow)
         CreditCardAcct.cpp
     1>d:\research\working\c c++\visual studio\accountsystem\accountsystem\dateclass.h(8): warning C4290: 忽略 C++ 异常规范，但指示函数不是 __declspec(nothrow)
     1>d:\research\working\c c++\visual studio\accountsystem\accountsystem\dateclass.h(11): warning C4290: 忽略 C++ 异常规范，但指示函数不是 __declspec(nothrow)
     1>d:\research\working\c c++\visual studio\accountsystem\accountsystem\creditcardacct.h(13): warning C4290: 忽略 C++ 异常规范，但指示函数不是 __declspec(nothrow)
     1>d:\research\working\c c++\visual studio\accountsystem\accountsystem\creditcardacct.h(17): warning C4290: 忽略 C++ 异常规范，但指示函数不是 __declspec(nothrow)
     1>d:\research\working\c c++\visual studio\accountsystem\accountsystem\creditcardacct.h(18): warning C4290: 忽略 C++ 异常规范，但指示函数不是 __declspec(nothrow)
     1>d:\research\working\c c++\visual studio\accountsystem\accountsystem\creditcardacct.h(20): warning C4290: 忽略 C++ 异常规范，但指示函数不是 __declspec(nothrow)
     1>d:\research\working\c c++\visual studio\accountsystem\accountsystem\creditcardacct.h(22): warning C4290: 忽略 C++ 异常规范，但指示函数不是 __declspec(nothrow)
     1>d:\research\working\c c++\visual studio\accountsystem\accountsystem\creditcardacct.cpp(16): warning C4290: 忽略 C++ 异常规范，但指示函数不是 __declspec(nothrow)
     1>d:\research\working\c c++\visual studio\accountsystem\accountsystem\creditcardacct.cpp(46): warning C4290: 忽略 C++ 异常规范，但指示函数不是 __declspec(nothrow)
     1>d:\research\working\c c++\visual studio\accountsystem\accountsystem\creditcardacct.cpp(57): warning C4290: 忽略 C++ 异常规范，但指示函数不是 __declspec(nothrow)
     1>d:\research\working\c c++\visual studio\accountsystem\accountsystem\creditcardacct.cpp(79): warning C4290: 忽略 C++ 异常规范，但指示函数不是 __declspec(nothrow)
     1>d:\research\working\c c++\visual studio\accountsystem\accountsystem\creditcardacct.cpp(92): warning C4290: 忽略 C++ 异常规范，但指示函数不是 __declspec(nothrow)
         AccountList.cpp
     1>d:\research\working\c c++\visual studio\accountsystem\accountsystem\dateclass.h(8): warning C4290: 忽略 C++ 异常规范，但指示函数不是 __declspec(nothrow)
     1>d:\research\working\c c++\visual studio\accountsystem\accountsystem\dateclass.h(11): warning C4290: 忽略 C++ 异常规范，但指示函数不是 __declspec(nothrow)
     1>d:\research\working\c c++\visual studio\accountsystem\accountsystem\list.h(22): warning C4290: 忽略 C++ 异常规范，但指示函数不是 __declspec(nothrow)
         d:\research\working\c c++\visual studio\accountsystem\accountsystem\list.h(46): note: 参见对正在编译的类 模板 实例化“List<ItemType>”的引用
     1>d:\research\working\c c++\visual studio\accountsystem\accountsystem\list.h(25): warning C4290: 忽略 C++ 异常规范，但指示函数不是 __declspec(nothrow)
     1>d:\research\working\c c++\visual studio\accountsystem\accountsystem\list.h(26): warning C4290: 忽略 C++ 异常规范，但指示函数不是 __declspec(nothrow)
     1>d:\research\working\c c++\visual studio\accountsystem\accountsystem\list.h(27): warning C4290: 忽略 C++ 异常规范，但指示函数不是 __declspec(nothrow)
     1>d:\research\working\c c++\visual studio\accountsystem\accountsystem\list.h(28): warning C4290: 忽略 C++ 异常规范，但指示函数不是 __declspec(nothrow)
     1>d:\research\working\c c++\visual studio\accountsystem\accountsystem\list.h(29): warning C4290: 忽略 C++ 异常规范，但指示函数不是 __declspec(nothrow)
     1>d:\research\working\c c++\visual studio\accountsystem\accountsystem\list.h(30): warning C4290: 忽略 C++ 异常规范，但指示函数不是 __declspec(nothrow)
     1>d:\research\working\c c++\visual studio\accountsystem\accountsystem\list.cpp(43): warning C4290: 忽略 C++ 异常规范，但指示函数不是 __declspec(nothrow)
     1>d:\research\working\c c++\visual studio\accountsystem\accountsystem\list.cpp(83): warning C4290: 忽略 C++ 异常规范，但指示函数不是 __declspec(nothrow)
     1>d:\research\working\c c++\visual studio\accountsystem\accountsystem\list.cpp(91): warning C4290: 忽略 C++ 异常规范，但指示函数不是 __declspec(nothrow)
     1>d:\research\working\c c++\visual studio\accountsystem\accountsystem\list.cpp(103): warning C4290: 忽略 C++ 异常规范，但指示函数不是 __declspec(nothrow)
     1>d:\research\working\c c++\visual studio\accountsystem\accountsystem\list.cpp(118): warning C4290: 忽略 C++ 异常规范，但指示函数不是 __declspec(nothrow)
     1>d:\research\working\c c++\visual studio\accountsystem\accountsystem\list.cpp(127): warning C4290: 忽略 C++ 异常规范，但指示函数不是 __declspec(nothrow)
     1>d:\research\working\c c++\visual studio\accountsystem\accountsystem\list.cpp(136): warning C4290: 忽略 C++ 异常规范，但指示函数不是 __declspec(nothrow)
     1>d:\research\working\c c++\visual studio\accountsystem\accountsystem\accountlist.h(17): warning C4290: 忽略 C++ 异常规范，但指示函数不是 __declspec(nothrow)
     1>d:\research\working\c c++\visual studio\accountsystem\accountsystem\accountlist.h(18): warning C4290: 忽略 C++ 异常规范，但指示函数不是 __declspec(nothrow)
     1>d:\research\working\c c++\visual studio\accountsystem\accountsystem\accountlist.h(19): warning C4290: 忽略 C++ 异常规范，但指示函数不是 __declspec(nothrow)
     1>d:\research\working\c c++\visual studio\accountsystem\accountsystem\accountlist.h(20): warning C4290: 忽略 C++ 异常规范，但指示函数不是 __declspec(nothrow)
     1>d:\research\working\c c++\visual studio\accountsystem\accountsystem\accountlist.h(21): warning C4290: 忽略 C++ 异常规范，但指示函数不是 __declspec(nothrow)
     1>d:\research\working\c c++\visual studio\accountsystem\accountsystem\accountlist.cpp(58): warning C4290: 忽略 C++ 异常规范，但指示函数不是 __declspec(nothrow)
     1>d:\research\working\c c++\visual studio\accountsystem\accountsystem\accountlist.cpp(69): warning C4290: 忽略 C++ 异常规范，但指示函数不是 __declspec(nothrow)
     1>d:\research\working\c c++\visual studio\accountsystem\accountsystem\accountlist.cpp(75): warning C4290: 忽略 C++ 异常规范，但指示函数不是 __declspec(nothrow)
         正在生成代码...
     1>d:\research\working\c c++\visual studio\accountsystem\accountsystem\accountlist.cpp(73): warning C4715: “AccountList::InsertItem”: 不是所有的控件路径都返回值
       Link:
         D:\Program Files (x86)\Microsoft Visual Studio 14.0\VC\bin\link.exe /ERRORREPORT:PROMPT /OUT:"D:\Research\Working\C C++\Visual Studio\AccountSystem\Debug\AccountSystem.exe" /INCREMENTAL /NOLOGO kernel32.lib user32.lib gdi32.lib winspool.lib comdlg32.lib advapi32.lib shell32.lib ole32.lib oleaut32.lib uuid.lib odbc32.lib odbccp32.lib /MANIFEST /MANIFESTUAC:"level='asInvoker' uiAccess='false'" /manifest:embed /Debug /PDB:"D:\Research\Working\C C++\Visual Studio\AccountSystem\Debug\AccountSystem.pdb" /SUBSYSTEM:CONSOLE /TLBID:1 /DYNAMICBASE /NXCOMPAT /IMPLIB:"D:\Research\Working\C C++\Visual Studio\AccountSystem\Debug\AccountSystem.lib" /MACHINE:X86 Debug\Account.obj
         Debug\AccountList.obj
         Debug\CreditCardAcct.obj
         Debug\DateClass.obj
         Debug\DemandAcct.obj
         Debug\mainTest.obj
         Debug\RcdItem.obj
         AccountSystem.vcxproj -> D:\Research\Working\C C++\Visual Studio\AccountSystem\Debug\AccountSystem.exe
     1>已完成生成项目“D:\Research\Working\C C++\Visual Studio\AccountSystem\AccountSystem\AccountSystem.vcxproj”(Build 个目标)的操作。

已成功生成。

已用时间 00:00:04.11
